<?xml version="1.0" encoding="UTF-8"?>
<!-- Generated by org.testng.reporters.JUnitXMLReporter -->
<testsuite ignored="0" hostname="DESKTOP-DQ2EPB3" failures="0" tests="4" name="Default test" time="5.276" errors="0" timestamp="2022-11-16T17:31:13 CET">
  <testcase classname="a2.a2_systemtest" name="A2T01" time="1.46"/>
  <testcase classname="a2.a2_systemtest" name="A2T02" time="0.038"/>
  <testcase classname="a2.a2_systemtest" name="A2T03" time="0.027"/>
  <testcase classname="a2.a2_systemtest" name="A2T04" time="0.029"/>
</testsuite> <!-- Default test -->
